AH00558: apache2: Could not reliably determine the server's fully qualified domain name, using 172.21.0.4. Set the 'ServerName' directive globally to suppress this message
[Tue Mar 16 14:06:49.000465 2021] [mpm_prefork:notice] [pid 1] AH00163: Apache/2.4.38 (Debian) PHP/8.0.2 configured -- resuming normal operations
[Tue Mar 16 14:06:49.000490 2021] [core:notice] [pid 1] AH00094: Command line: 'apache2 -D FOREGROUND'
[Tue Mar 16 14:56:49.783447 2021] [mpm_prefork:notice] [pid 1] AH00170: caught SIGWINCH, shutting down gracefully
AH00558: apache2: Could not reliably determine the server's fully qualified domain name, using 172.25.0.6. Set the 'ServerName' directive globally to suppress this message
[Tue Mar 16 14:57:06.843480 2021] [mpm_prefork:notice] [pid 1] AH00163: Apache/2.4.38 (Debian) PHP/8.0.2 configured -- resuming normal operations
[Tue Mar 16 14:57:06.843506 2021] [core:notice] [pid 1] AH00094: Command line: 'apache2 -D FOREGROUND'
[Tue Mar 16 14:58:23.690306 2021] [mpm_prefork:notice] [pid 1] AH00170: caught SIGWINCH, shutting down gracefully
AH00558: apache2: Could not reliably determine the server's fully qualified domain name, using 172.26.0.5. Set the 'ServerName' directive globally to suppress this message
[Tue Mar 16 14:58:58.836296 2021] [mpm_prefork:notice] [pid 1] AH00163: Apache/2.4.38 (Debian) PHP/8.0.2 configured -- resuming normal operations
[Tue Mar 16 14:58:58.836325 2021] [core:notice] [pid 1] AH00094: Command line: 'apache2 -D FOREGROUND'
[Wed Mar 17 06:08:36.326640 2021] [mpm_prefork:notice] [pid 1] AH00170: caught SIGWINCH, shutting down gracefully
AH00558: apache2: Could not reliably determine the server's fully qualified domain name, using 172.27.0.6. Set the 'ServerName' directive globally to suppress this message
[Wed Mar 17 06:08:52.050257 2021] [mpm_prefork:notice] [pid 1] AH00163: Apache/2.4.38 (Debian) PHP/8.0.2 configured -- resuming normal operations
[Wed Mar 17 06:08:52.050288 2021] [core:notice] [pid 1] AH00094: Command line: 'apache2 -D FOREGROUND'
[Wed Mar 17 06:13:10.222278 2021] [mpm_prefork:notice] [pid 1] AH00170: caught SIGWINCH, shutting down gracefully
AH00558: apache2: Could not reliably determine the server's fully qualified domain name, using 172.28.0.6. Set the 'ServerName' directive globally to suppress this message
[Wed Mar 17 06:13:19.650135 2021] [mpm_prefork:notice] [pid 1] AH00163: Apache/2.4.38 (Debian) PHP/8.0.2 configured -- resuming normal operations
[Wed Mar 17 06:13:19.650161 2021] [core:notice] [pid 1] AH00094: Command line: 'apache2 -D FOREGROUND'
[Wed Mar 17 11:56:19.174399 2021] [mpm_prefork:notice] [pid 1] AH00170: caught SIGWINCH, shutting down gracefully
AH00558: apache2: Could not reliably determine the server's fully qualified domain name, using 172.29.0.6. Set the 'ServerName' directive globally to suppress this message
[Wed Mar 17 11:56:42.959764 2021] [mpm_prefork:notice] [pid 1] AH00163: Apache/2.4.38 (Debian) PHP/8.0.2 configured -- resuming normal operations
[Wed Mar 17 11:56:42.959805 2021] [core:notice] [pid 1] AH00094: Command line: 'apache2 -D FOREGROUND'
[Wed Mar 17 14:23:19.726631 2021] [mpm_prefork:notice] [pid 1] AH00170: caught SIGWINCH, shutting down gracefully
AH00558: apache2: Could not reliably determine the server's fully qualified domain name, using 172.30.0.4. Set the 'ServerName' directive globally to suppress this message
[Wed Mar 17 14:23:34.999710 2021] [mpm_prefork:notice] [pid 1] AH00163: Apache/2.4.38 (Debian) PHP/8.0.2 configured -- resuming normal operations
[Wed Mar 17 14:23:35.003454 2021] [core:notice] [pid 1] AH00094: Command line: 'apache2 -D FOREGROUND'
[Wed Mar 17 14:28:10.835636 2021] [mpm_prefork:notice] [pid 1] AH00170: caught SIGWINCH, shutting down gracefully
AH00558: apache2: Could not reliably determine the server's fully qualified domain name, using 172.30.0.5. Set the 'ServerName' directive globally to suppress this message
[Wed Mar 17 14:28:19.060693 2021] [mpm_prefork:notice] [pid 1] AH00163: Apache/2.4.38 (Debian) PHP/8.0.2 configured -- resuming normal operations
[Wed Mar 17 14:28:19.060728 2021] [core:notice] [pid 1] AH00094: Command line: 'apache2 -D FOREGROUND'
[Wed Mar 17 14:29:08.757506 2021] [mpm_prefork:notice] [pid 1] AH00170: caught SIGWINCH, shutting down gracefully
AH00558: apache2: Could not reliably determine the server's fully qualified domain name, using 172.31.0.4. Set the 'ServerName' directive globally to suppress this message
[Wed Mar 17 14:29:43.806204 2021] [mpm_prefork:notice] [pid 1] AH00163: Apache/2.4.38 (Debian) PHP/8.0.2 configured -- resuming normal operations
[Wed Mar 17 14:29:43.806245 2021] [core:notice] [pid 1] AH00094: Command line: 'apache2 -D FOREGROUND'
[Wed Mar 17 14:32:56.461413 2021] [mpm_prefork:notice] [pid 1] AH00170: caught SIGWINCH, shutting down gracefully
AH00558: apache2: Could not reliably determine the server's fully qualified domain name, using 192.168.16.5. Set the 'ServerName' directive globally to suppress this message
[Wed Mar 17 14:38:05.053294 2021] [mpm_prefork:notice] [pid 1] AH00163: Apache/2.4.38 (Debian) PHP/8.0.2 configured -- resuming normal operations
[Wed Mar 17 14:38:05.053324 2021] [core:notice] [pid 1] AH00094: Command line: 'apache2 -D FOREGROUND'
